# JRE version: OpenJDK Runtime Environment (8.0_202-b03) (build 1.8.0_202-release-1483-b03)
# Java VM: OpenJDK 64-Bit Server VM (25.202-b03 mixed mode windows-amd64 compressed oops)
Heap:
 PSYoungGen      total 477184K, used 300815K [0x00000000e0000000, 0x0000000100000000, 0x0000000100000000)
  eden space 434176K, 62% used [0x00000000e0000000,0x00000000f0754cf0,0x00000000fa800000)
  from space 43008K, 72% used [0x00000000fd600000,0x00000000ff46ef90,0x0000000100000000)
  to   space 45056K, 0% used [0x00000000fa800000,0x00000000fa800000,0x00000000fd400000)
 ParOldGen       total 301568K, used 88038K [0x00000000a0000000, 0x00000000b2680000, 0x00000000e0000000)
  object space 301568K, 29% used [0x00000000a0000000,0x00000000a55f9840,0x00000000b2680000)
 Metaspace       used 127411K, capacity 133070K, committed 133208K, reserved 1165312K
  class space    used 16344K, capacity 17433K, committed 17536K, reserved 1048576K
GC Heap History (10 events):
Event: 68.729 GC heap before
{Heap before GC invocations=14 (full 3):
 PSYoungGen      total 280576K, used 280434K [0x00000000e0000000, 0x00000000f3580000, 0x0000000100000000)
  eden space 262656K, 100% used [0x00000000e0000000,0x00000000f0080000,0x00000000f0080000)
  from space 17920K, 99% used [0x00000000f2400000,0x00000000f355ca08,0x00000000f3580000)
  to   space 22528K, 0% used [0x00000000f0980000,0x00000000f0980000,0x00000000f1f80000)
 ParOldGen       total 215552K, used 29179K [0x00000000a0000000, 0x00000000ad280000, 0x00000000e0000000)
  object space 215552K, 13% used [0x00000000a0000000,0x00000000a1c7ec00,0x00000000ad280000)
 Metaspace       used 81861K, capacity 85180K, committed 85336K, reserved 1124352K
  class space    used 10619K, capacity 11273K, committed 11392K, reserved 1048576K
Event: 68.848 GC heap after
Heap after GC invocations=14 (full 3):
 PSYoungGen      total 294400K, used 22515K [0x00000000e0000000, 0x00000000f9e80000, 0x0000000100000000)
  eden space 271872K, 0% used [0x00000000e0000000,0x00000000e0000000,0x00000000f0980000)
  from space 22528K, 99% used [0x00000000f0980000,0x00000000f1f7cc60,0x00000000f1f80000)
  to   space 28672K, 0% used [0x00000000f8280000,0x00000000f8280000,0x00000000f9e80000)
 ParOldGen       total 215552K, used 39828K [0x00000000a0000000, 0x00000000ad280000, 0x00000000e0000000)
  object space 215552K, 18% used [0x00000000a0000000,0x00000000a26e5320,0x00000000ad280000)
 Metaspace       used 81861K, capacity 85180K, committed 85336K, reserved 1124352K
  class space    used 10619K, capacity 11273K, committed 11392K, reserved 1048576K
}
Event: 74.713 GC heap before
{Heap before GC invocations=15 (full 3):
 PSYoungGen      total 294400K, used 203100K [0x00000000e0000000, 0x00000000f9e80000, 0x0000000100000000)
  eden space 271872K, 66% used [0x00000000e0000000,0x00000000eb05a3e8,0x00000000f0980000)
  from space 22528K, 99% used [0x00000000f0980000,0x00000000f1f7cc60,0x00000000f1f80000)
  to   space 28672K, 0% used [0x00000000f8280000,0x00000000f8280000,0x00000000f9e80000)
 ParOldGen       total 215552K, used 39828K [0x00000000a0000000, 0x00000000ad280000, 0x00000000e0000000)
  object space 215552K, 18% used [0x00000000a0000000,0x00000000a26e5320,0x00000000ad280000)
 Metaspace       used 94473K, capacity 98350K, committed 98380K, reserved 1134592K
  class space    used 12290K, capacity 13049K, committed 13056K, reserved 1048576K
Event: 74.830 GC heap after
Heap after GC invocations=15 (full 3):
 PSYoungGen      total 386048K, used 28658K [0x00000000e0000000, 0x00000000fb700000, 0x0000000100000000)
  eden space 357376K, 0% used [0x00000000e0000000,0x00000000e0000000,0x00000000f5d00000)
  from space 28672K, 99% used [0x00000000f8280000,0x00000000f9e7c980,0x00000000f9e80000)
  to   space 38400K, 0% used [0x00000000f5d00000,0x00000000f5d00000,0x00000000f8280000)
 ParOldGen       total 215552K, used 55918K [0x00000000a0000000, 0x00000000ad280000, 0x00000000e0000000)
  object space 215552K, 25% used [0x00000000a0000000,0x00000000a369baa8,0x00000000ad280000)
 Metaspace       used 94473K, capacity 98350K, committed 98380K, reserved 1134592K
  class space    used 12290K, capacity 13049K, committed 13056K, reserved 1048576K
}
Event: 74.830 GC heap before
{Heap before GC invocations=16 (full 4):
 PSYoungGen      total 386048K, used 28658K [0x00000000e0000000, 0x00000000fb700000, 0x0000000100000000)
  eden space 357376K, 0% used [0x00000000e0000000,0x00000000e0000000,0x00000000f5d00000)
  from space 28672K, 99% used [0x00000000f8280000,0x00000000f9e7c980,0x00000000f9e80000)
  to   space 38400K, 0% used [0x00000000f5d00000,0x00000000f5d00000,0x00000000f8280000)
 ParOldGen       total 215552K, used 55918K [0x00000000a0000000, 0x00000000ad280000, 0x00000000e0000000)
  object space 215552K, 25% used [0x00000000a0000000,0x00000000a369baa8,0x00000000ad280000)
 Metaspace       used 94473K, capacity 98350K, committed 98380K, reserved 1134592K
  class space    used 12290K, capacity 13049K, committed 13056K, reserved 1048576K
Event: 75.397 GC heap after
Heap after GC invocations=16 (full 4):
 PSYoungGen      total 386048K, used 0K [0x00000000e0000000, 0x00000000fb700000, 0x0000000100000000)
  eden space 357376K, 0% used [0x00000000e0000000,0x00000000e0000000,0x00000000f5d00000)
  from space 28672K, 0% used [0x00000000f8280000,0x00000000f8280000,0x00000000f9e80000)
  to   space 38400K, 0% used [0x00000000f5d00000,0x00000000f5d00000,0x00000000f8280000)
 ParOldGen       total 301568K, used 69808K [0x00000000a0000000, 0x00000000b2680000, 0x00000000e0000000)
  object space 301568K, 23% used [0x00000000a0000000,0x00000000a442c000,0x00000000b2680000)
 Metaspace       used 94200K, capacity 97560K, committed 98380K, reserved 1134592K
  class space    used 12204K, capacity 12898K, committed 13056K, reserved 1048576K
}
Event: 246.723 GC heap before
{Heap before GC invocations=17 (full 4):
 PSYoungGen      total 386048K, used 357376K [0x00000000e0000000, 0x00000000fb700000, 0x0000000100000000)
  eden space 357376K, 100% used [0x00000000e0000000,0x00000000f5d00000,0x00000000f5d00000)
  from space 28672K, 0% used [0x00000000f8280000,0x00000000f8280000,0x00000000f9e80000)
  to   space 38400K, 0% used [0x00000000f5d00000,0x00000000f5d00000,0x00000000f8280000)
 ParOldGen       total 301568K, used 69808K [0x00000000a0000000, 0x00000000b2680000, 0x00000000e0000000)
  object space 301568K, 23% used [0x00000000a0000000,0x00000000a442c000,0x00000000b2680000)
 Metaspace       used 113511K, capacity 117820K, committed 117848K, reserved 1150976K
  class space    used 14651K, capacity 15485K, committed 15488K, reserved 1048576K
Event: 246.792 GC heap after
Heap after GC invocations=17 (full 4):
 PSYoungGen      total 395776K, used 34906K [0x00000000e0000000, 0x0000000100000000, 0x0000000100000000)
  eden space 357376K, 0% used [0x00000000e0000000,0x00000000e0000000,0x00000000f5d00000)
  from space 38400K, 90% used [0x00000000f5d00000,0x00000000f7f16bc8,0x00000000f8280000)
  to   space 43008K, 0% used [0x00000000fd600000,0x00000000fd600000,0x0000000100000000)
 ParOldGen       total 301568K, used 69816K [0x00000000a0000000, 0x00000000b2680000, 0x00000000e0000000)
  object space 301568K, 23% used [0x00000000a0000000,0x00000000a442e000,0x00000000b2680000)
 Metaspace       used 113511K, capacity 117820K, committed 117848K, reserved 1150976K
  class space    used 14651K, capacity 15485K, committed 15488K, reserved 1048576K
}
Event: 253.234 GC heap before
{Heap before GC invocations=18 (full 4):
 PSYoungGen      total 395776K, used 392282K [0x00000000e0000000, 0x0000000100000000, 0x0000000100000000)
  eden space 357376K, 100% used [0x00000000e0000000,0x00000000f5d00000,0x00000000f5d00000)
  from space 38400K, 90% used [0x00000000f5d00000,0x00000000f7f16bc8,0x00000000f8280000)
  to   space 43008K, 0% used [0x00000000fd600000,0x00000000fd600000,0x0000000100000000)
 ParOldGen       total 301568K, used 69816K [0x00000000a0000000, 0x00000000b2680000, 0x00000000e0000000)
  object space 301568K, 23% used [0x00000000a0000000,0x00000000a442e000,0x00000000b2680000)
 Metaspace       used 120982K, capacity 125952K, committed 126040K, reserved 1159168K
  class space    used 15728K, capacity 16692K, committed 16768K, reserved 1048576K
Event: 253.322 GC heap after
Heap after GC invocations=18 (full 4):
 PSYoungGen      total 477184K, used 31163K [0x00000000e0000000, 0x0000000100000000, 0x0000000100000000)
  eden space 434176K, 0% used [0x00000000e0000000,0x00000000e0000000,0x00000000fa800000)
  from space 43008K, 72% used [0x00000000fd600000,0x00000000ff46ef90,0x0000000100000000)
  to   space 45056K, 0% used [0x00000000fa800000,0x00000000fa800000,0x00000000fd400000)
 ParOldGen       total 301568K, used 88038K [0x00000000a0000000, 0x00000000b2680000, 0x00000000e0000000)
  object space 301568K, 29% used [0x00000000a0000000,0x00000000a55f9840,0x00000000b2680000)
 Metaspace       used 120982K, capacity 125952K, committed 126040K, reserved 1159168K
  class space    used 15728K, capacity 16692K, committed 16768K, reserved 1048576K
}

